<?xml version="1.0" encoding="UTF-8"?>
<testsuite name="com.guildedrose.repositories.GildedRoseTest" tests="1" skipped="0" failures="0" errors="0" timestamp="2021-11-30T14:12:35" hostname="DESKTOP-06AJV0F" time="0.02">
  <properties/>
  <testcase name="modifyByNameSulfuras()" classname="com.guildedrose.repositories.GildedRoseTest" time="0.02"/>
  <system-out><![CDATA[]]></system-out>
  <system-err><![CDATA[]]></system-err>
</testsuite>
