<?xml version="1.0" encoding="UTF-8"?>
<testsuite name="com.guildedrose.TestItem.TestItems" tests="1" skipped="0" failures="0" errors="0" timestamp="2021-12-12T17:48:07" hostname="DESKTOP-1UCI0TL" time="0.025">
  <properties/>
  <testcase name="EventTest()" classname="com.guildedrose.TestItem.TestItems" time="0.025"/>
  <system-out><![CDATA[]]></system-out>
  <system-err><![CDATA[]]></system-err>
</testsuite>
